c10:43:00 AM - File change detected. Starting incremental compilation...


10:43:00 AM - Found 0 errors. Watching for file changes.
c10:43:16 AM - File change detected. Starting incremental compilation...


10:43:16 AM - Found 0 errors. Watching for file changes.
c10:43:29 AM - File change detected. Starting incremental compilation...


10:43:29 AM - Found 0 errors. Watching for file changes.
c10:46:40 AM - File change detected. Starting incremental compilation...


10:46:41 AM - Found 0 errors. Watching for file changes.
c10:47:05 AM - File change detected. Starting incremental compilation...


10:47:05 AM - Found 0 errors. Watching for file changes.
c10:49:48 AM - File change detected. Starting incremental compilation...


10:49:48 AM - Found 0 errors. Watching for file changes.
c10:50:18 AM - Starting compilation in watch mode...


10:50:21 AM - Found 0 errors. Watching for file changes.
c10:51:15 AM - Starting compilation in watch mode...


10:51:18 AM - Found 0 errors. Watching for file changes.
c10:52:08 AM - File change detected. Starting incremental compilation...


10:52:08 AM - Found 0 errors. Watching for file changes.
c10:53:15 AM - File change detected. Starting incremental compilation...


10:53:15 AM - Found 0 errors. Watching for file changes.
c10:55:16 AM - File change detected. Starting incremental compilation...


10:55:16 AM - Found 0 errors. Watching for file changes.
c10:55:48 AM - File change detected. Starting incremental compilation...


10:55:48 AM - Found 0 errors. Watching for file changes.
c10:56:52 AM - File change detected. Starting incremental compilation...


10:56:52 AM - Found 0 errors. Watching for file changes.
c10:57:08 AM - File change detected. Starting incremental compilation...


10:57:08 AM - Found 0 errors. Watching for file changes.
c10:57:50 AM - File change detected. Starting incremental compilation...


10:57:50 AM - Found 0 errors. Watching for file changes.
c10:59:52 AM - File change detected. Starting incremental compilation...


10:59:52 AM - Found 0 errors. Watching for file changes.
c11:01:05 AM - File change detected. Starting incremental compilation...


11:01:05 AM - Found 0 errors. Watching for file changes.
c11:01:27 AM - File change detected. Starting incremental compilation...


11:01:27 AM - Found 0 errors. Watching for file changes.
c11:01:43 AM - File change detected. Starting incremental compilation...


11:01:43 AM - Found 0 errors. Watching for file changes.
c11:01:49 AM - File change detected. Starting incremental compilation...


11:01:49 AM - Found 0 errors. Watching for file changes.
c11:16:30 AM - File change detected. Starting incremental compilation...


11:16:30 AM - Found 0 errors. Watching for file changes.
c11:16:43 AM - File change detected. Starting incremental compilation...


11:16:44 AM - Found 0 errors. Watching for file changes.
c11:17:10 AM - File change detected. Starting incremental compilation...


11:17:10 AM - Found 0 errors. Watching for file changes.
c11:31:45â€¯a.Â m. - Starting compilation in watch mode...


11:31:49â€¯a.Â m. - Found 0 errors. Watching for file changes.
c11:32:12â€¯a.Â m. - File change detected. Starting incremental compilation...


11:32:12â€¯a.Â m. - Found 0 errors. Watching for file changes.
c11:32:14â€¯a.Â m. - File change detected. Starting incremental compilation...


11:32:14â€¯a.Â m. - Found 0 errors. Watching for file changes.
c11:32:22â€¯a.Â m. - File change detected. Starting incremental compilation...


11:32:22â€¯a.Â m. - Found 0 errors. Watching for file changes.
c11:59:31â€¯a.Â m. - Starting compilation in watch mode...


11:59:33â€¯a.Â m. - Found 0 errors. Watching for file changes.
c1:07:54â€¯p.Â m. - Starting compilation in watch mode...


1:07:57â€¯p.Â m. - Found 0 errors. Watching for file changes.
c1:10:25â€¯p.Â m. - Starting compilation in watch mode...


1:10:27â€¯p.Â m. - Found 0 errors. Watching for file changes.
c1:31:05â€¯p.Â m. - File change detected. Starting incremental compilation...


1:31:05â€¯p.Â m. - Found 0 errors. Watching for file changes.
c1:35:18â€¯p.Â m. - File change detected. Starting incremental compilation...

src/routes.ts(55,28): error TS2304: Cannot find name 'async'.

1:35:18â€¯p.Â m. - Found 1 error. Watching for file changes.
c1:35:36â€¯p.Â m. - File change detected. Starting incremental compilation...

src/routes.ts(55,28): error TS2304: Cannot find name 'async'.

1:35:36â€¯p.Â m. - Found 1 error. Watching for file changes.
c1:35:40â€¯p.Â m. - File change detected. Starting incremental compilation...

src/routes.ts(55,38): error TS1109: Expression expected.

1:35:40â€¯p.Â m. - Found 1 error. Watching for file changes.
c1:35:44â€¯p.Â m. - File change detected. Starting incremental compilation...


1:35:44â€¯p.Â m. - Found 0 errors. Watching for file changes.
c1:36:08â€¯p.Â m. - File change detected. Starting incremental compilation...

src/routes.ts(55,40): error TS2304: Cannot find name 're'.

1:36:08â€¯p.Â m. - Found 1 error. Watching for file changes.
c1:36:11â€¯p.Â m. - File change detected. Starting incremental compilation...


1:36:11â€¯p.Â m. - Found 0 errors. Watching for file changes.
c1:36:19â€¯p.Â m. - File change detected. Starting incremental compilation...


1:36:19â€¯p.Â m. - Found 0 errors. Watching for file changes.
c1:36:23â€¯p.Â m. - File change detected. Starting incremental compilation...


1:36:23â€¯p.Â m. - Found 0 errors. Watching for file changes.
c1:36:57â€¯p.Â m. - File change detected. Starting incremental compilation...

src/routes.ts(56,15): error TS1155: 'const' declarations must be initialized.

1:36:57â€¯p.Â m. - Found 1 error. Watching for file changes.
c1:36:58â€¯p.Â m. - File change detected. Starting incremental compilation...

src/routes.ts(57,5): error TS1109: Expression expected.

1:36:58â€¯p.Â m. - Found 1 error. Watching for file changes.
c1:37:13â€¯p.Â m. - File change detected. Starting incremental compilation...


1:37:13â€¯p.Â m. - Found 0 errors. Watching for file changes.
c1:37:22â€¯p.Â m. - File change detected. Starting incremental compilation...

src/routes.ts(57,5): error TS1109: Expression expected.

1:37:22â€¯p.Â m. - Found 1 error. Watching for file changes.
c1:37:34â€¯p.Â m. - File change detected. Starting incremental compilation...

src/routes.ts(56,23): error TS1127: Invalid character.

1:37:34â€¯p.Â m. - Found 1 error. Watching for file changes.
c1:37:35â€¯p.Â m. - File change detected. Starting incremental compilation...

src/routes.ts(56,24): error TS1127: Invalid character.

1:37:35â€¯p.Â m. - Found 1 error. Watching for file changes.
c1:37:37â€¯p.Â m. - File change detected. Starting incremental compilation...

src/routes.ts(57,5): error TS1109: Expression expected.

1:37:37â€¯p.Â m. - Found 1 error. Watching for file changes.
c1:37:42â€¯p.Â m. - File change detected. Starting incremental compilation...

src/routes.ts(56,23): error TS1127: Invalid character.
src/routes.ts(56,24): error TS1127: Invalid character.

1:37:42â€¯p.Â m. - Found 2 errors. Watching for file changes.
c1:37:43â€¯p.Â m. - File change detected. Starting incremental compilation...

src/routes.ts(56,23): error TS1127: Invalid character.
src/routes.ts(57,9): error TS1127: Invalid character.

1:37:43â€¯p.Â m. - Found 2 errors. Watching for file changes.
c1:37:45â€¯p.Â m. - File change detected. Starting incremental compilation...

src/routes.ts(56,23): error TS1127: Invalid character.
src/routes.ts(56,24): error TS1127: Invalid character.

1:37:45â€¯p.Â m. - Found 2 errors. Watching for file changes.
c1:37:57â€¯p.Â m. - File change detected. Starting incremental compilation...


1:37:57â€¯p.Â m. - Found 0 errors. Watching for file changes.
c1:38:40â€¯p.Â m. - File change detected. Starting incremental compilation...


1:38:40â€¯p.Â m. - Found 0 errors. Watching for file changes.
c1:38:43â€¯p.Â m. - File change detected. Starting incremental compilation...


1:38:43â€¯p.Â m. - Found 0 errors. Watching for file changes.
c1:38:45â€¯p.Â m. - File change detected. Starting incremental compilation...


1:38:45â€¯p.Â m. - Found 0 errors. Watching for file changes.
c1:38:46â€¯p.Â m. - File change detected. Starting incremental compilation...


1:38:46â€¯p.Â m. - Found 0 errors. Watching for file changes.
c1:38:49â€¯p.Â m. - File change detected. Starting incremental compilation...


1:38:49â€¯p.Â m. - Found 0 errors. Watching for file changes.
c1:38:53â€¯p.Â m. - File change detected. Starting incremental compilation...


1:38:53â€¯p.Â m. - Found 0 errors. Watching for file changes.
c1:38:59â€¯p.Â m. - File change detected. Starting incremental compilation...


1:38:59â€¯p.Â m. - Found 0 errors. Watching for file changes.
c1:39:01â€¯p.Â m. - File change detected. Starting incremental compilation...


1:39:01â€¯p.Â m. - Found 0 errors. Watching for file changes.
c1:39:04â€¯p.Â m. - File change detected. Starting incremental compilation...


1:39:04â€¯p.Â m. - Found 0 errors. Watching for file changes.
c1:39:22â€¯p.Â m. - File change detected. Starting incremental compilation...


1:39:22â€¯p.Â m. - Found 0 errors. Watching for file changes.
c1:39:25â€¯p.Â m. - File change detected. Starting incremental compilation...


1:39:25â€¯p.Â m. - Found 0 errors. Watching for file changes.
c1:39:29â€¯p.Â m. - File change detected. Starting incremental compilation...


1:39:29â€¯p.Â m. - Found 0 errors. Watching for file changes.
c1:39:49â€¯p.Â m. - File change detected. Starting incremental compilation...


1:39:49â€¯p.Â m. - Found 0 errors. Watching for file changes.
c1:39:57â€¯p.Â m. - File change detected. Starting incremental compilation...

src/routes.ts(58,5): error TS1109: Expression expected.

1:39:57â€¯p.Â m. - Found 1 error. Watching for file changes.
c1:40:09â€¯p.Â m. - File change detected. Starting incremental compilation...


1:40:09â€¯p.Â m. - Found 0 errors. Watching for file changes.
c1:40:11â€¯p.Â m. - File change detected. Starting incremental compilation...


1:40:11â€¯p.Â m. - Found 0 errors. Watching for file changes.
c1:40:14â€¯p.Â m. - File change detected. Starting incremental compilation...


1:40:14â€¯p.Â m. - Found 0 errors. Watching for file changes.
c1:40:15â€¯p.Â m. - File change detected. Starting incremental compilation...


1:40:15â€¯p.Â m. - Found 0 errors. Watching for file changes.
c1:40:18â€¯p.Â m. - File change detected. Starting incremental compilation...


1:40:19â€¯p.Â m. - Found 0 errors. Watching for file changes.
c1:40:26â€¯p.Â m. - File change detected. Starting incremental compilation...

src/routes.ts(58,15): error TS1155: 'const' declarations must be initialized.

1:40:26â€¯p.Â m. - Found 1 error. Watching for file changes.
c1:40:28â€¯p.Â m. - File change detected. Starting incremental compilation...

src/routes.ts(59,5): error TS1110: Type expected.

1:40:28â€¯p.Â m. - Found 1 error. Watching for file changes.
c1:40:30â€¯p.Â m. - File change detected. Starting incremental compilation...

src/routes.ts(58,15): error TS1155: 'const' declarations must be initialized.

1:40:31â€¯p.Â m. - Found 1 error. Watching for file changes.
c1:40:42â€¯p.Â m. - File change detected. Starting incremental compilation...


1:40:42â€¯p.Â m. - Found 0 errors. Watching for file changes.
c1:40:43â€¯p.Â m. - File change detected. Starting incremental compilation...


1:40:43â€¯p.Â m. - Found 0 errors. Watching for file changes.
c1:40:49â€¯p.Â m. - File change detected. Starting incremental compilation...

src/routes.ts(59,15): error TS1155: 'const' declarations must be initialized.

1:40:49â€¯p.Â m. - Found 1 error. Watching for file changes.
c1:40:54â€¯p.Â m. - File change detected. Starting incremental compilation...

src/routes.ts(60,5): error TS1110: Type expected.

1:40:54â€¯p.Â m. - Found 1 error. Watching for file changes.
c1:40:56â€¯p.Â m. - File change detected. Starting incremental compilation...

src/routes.ts(59,15): error TS1155: 'const' declarations must be initialized.
src/routes.ts(59,26): error TS2304: Cannot find name 'Ok'.

1:40:56â€¯p.Â m. - Found 2 errors. Watching for file changes.
c1:41:00â€¯p.Â m. - File change detected. Starting incremental compilation...

src/routes.ts(59,15): error TS1155: 'const' declarations must be initialized.

1:41:01â€¯p.Â m. - Found 1 error. Watching for file changes.
c1:41:05â€¯p.Â m. - File change detected. Starting incremental compilation...

src/routes.ts(59,15): error TS2740: Type 'DataBase' is missing the following properties from type 'OkPacket': fieldCount, affectedRows, insertId, message, and 2 more.

1:41:06â€¯p.Â m. - Found 1 error. Watching for file changes.
c1:41:10â€¯p.Â m. - File change detected. Starting incremental compilation...

src/routes.ts(59,46): error TS2551: Property 'updateQuer' does not exist on type 'DataBase'. Did you mean 'updateQuery'?

1:41:10â€¯p.Â m. - Found 1 error. Watching for file changes.
c1:41:11â€¯p.Â m. - File change detected. Starting incremental compilation...

src/routes.ts(59,15): error TS2322: Type '(query: string, values: string[]) => Promise<OkPacket>' is not assignable to type 'OkPacket'.

1:41:11â€¯p.Â m. - Found 1 error. Watching for file changes.
c1:41:23â€¯p.Â m. - File change detected. Starting incremental compilation...

src/routes.ts(59,46): error TS2554: Expected 2 arguments, but got 0.

1:41:23â€¯p.Â m. - Found 1 error. Watching for file changes.
c1:41:28â€¯p.Â m. - File change detected. Starting incremental compilation...


1:41:28â€¯p.Â m. - Found 0 errors. Watching for file changes.
c1:41:29â€¯p.Â m. - File change detected. Starting incremental compilation...


1:41:29â€¯p.Â m. - Found 0 errors. Watching for file changes.
c1:41:49â€¯p.Â m. - File change detected. Starting incremental compilation...

src/routes.ts(60,9): error TS2304: Cannot find name 'a'.

1:41:49â€¯p.Â m. - Found 1 error. Watching for file changes.
c1:41:51â€¯p.Â m. - File change detected. Starting incremental compilation...


1:41:51â€¯p.Â m. - Found 0 errors. Watching for file changes.
c1:42:13â€¯p.Â m. - File change detected. Starting incremental compilation...

src/routes.ts(61,5): error TS1005: '(' expected.

1:42:13â€¯p.Â m. - Found 1 error. Watching for file changes.
c1:42:15â€¯p.Â m. - File change detected. Starting incremental compilation...

src/routes.ts(60,12): error TS1109: Expression expected.
src/routes.ts(61,5): error TS1109: Expression expected.

1:42:15â€¯p.Â m. - Found 2 errors. Watching for file changes.
c1:42:26â€¯p.Â m. - File change detected. Starting incremental compilation...

src/routes.ts(61,5): error TS1109: Expression expected.

1:42:26â€¯p.Â m. - Found 1 error. Watching for file changes.
c1:42:29â€¯p.Â m. - File change detected. Starting incremental compilation...

src/routes.ts(61,5): error TS1109: Expression expected.

1:42:29â€¯p.Â m. - Found 1 error. Watching for file changes.
c1:42:33â€¯p.Â m. - File change detected. Starting incremental compilation...


1:42:33â€¯p.Â m. - Found 0 errors. Watching for file changes.
c1:42:37â€¯p.Â m. - File change detected. Starting incremental compilation...


1:42:37â€¯p.Â m. - Found 0 errors. Watching for file changes.
c1:42:45â€¯p.Â m. - File change detected. Starting incremental compilation...


1:42:45â€¯p.Â m. - Found 0 errors. Watching for file changes.
c1:42:47â€¯p.Â m. - File change detected. Starting incremental compilation...


1:42:47â€¯p.Â m. - Found 0 errors. Watching for file changes.
c1:42:48â€¯p.Â m. - File change detected. Starting incremental compilation...


1:42:48â€¯p.Â m. - Found 0 errors. Watching for file changes.
c1:43:02â€¯p.Â m. - File change detected. Starting incremental compilation...

src/routes.ts(64,16): error TS2555: Expected at least 1 arguments, but got 0.

1:43:02â€¯p.Â m. - Found 1 error. Watching for file changes.
c1:43:03â€¯p.Â m. - File change detected. Starting incremental compilation...

src/routes.ts(64,16): error TS2555: Expected at least 1 arguments, but got 0.

1:43:03â€¯p.Â m. - Found 1 error. Watching for file changes.
c1:43:05â€¯p.Â m. - File change detected. Starting incremental compilation...


1:43:05â€¯p.Â m. - Found 0 errors. Watching for file changes.
c1:43:11â€¯p.Â m. - File change detected. Starting incremental compilation...


1:43:11â€¯p.Â m. - Found 0 errors. Watching for file changes.
c1:43:14â€¯p.Â m. - File change detected. Starting incremental compilation...


1:43:14â€¯p.Â m. - Found 0 errors. Watching for file changes.
c1:43:20â€¯p.Â m. - File change detected. Starting incremental compilation...


1:43:20â€¯p.Â m. - Found 0 errors. Watching for file changes.
c1:43:28â€¯p.Â m. - File change detected. Starting incremental compilation...


1:43:28â€¯p.Â m. - Found 0 errors. Watching for file changes.
c1:43:34â€¯p.Â m. - File change detected. Starting incremental compilation...

src/routes.ts(68,9): error TS1003: Identifier expected.

1:43:35â€¯p.Â m. - Found 1 error. Watching for file changes.
c1:43:39â€¯p.Â m. - File change detected. Starting incremental compilation...


1:43:40â€¯p.Â m. - Found 0 errors. Watching for file changes.
c2:19:17â€¯p.Â m. - Starting compilation in watch mode...


2:19:20â€¯p.Â m. - Found 0 errors. Watching for file changes.
c2:27:17â€¯p.Â m. - Starting compilation in watch mode...


2:27:22â€¯p.Â m. - Found 0 errors. Watching for file changes.
c3:03:53 â”œF10: PMâ”¤ - Starting compilation in watch mode...


3:03:56 â”œF10: PMâ”¤ - Found 0 errors. Watching for file changes.
c8:47:04 â”œF10: PMâ”¤ - Starting compilation in watch mode...


8:47:07 â”œF10: PMâ”¤ - Found 0 errors. Watching for file changes.
c9:20:06 â”œF10: PMâ”¤ - Starting compilation in watch mode...


9:20:09 â”œF10: PMâ”¤ - Found 0 errors. Watching for file changes.
c9:20:14 â”œF10: PMâ”¤ - File change detected. Starting incremental compilation...


9:20:14 â”œF10: PMâ”¤ - Found 0 errors. Watching for file changes.
c9:33:00 â”œF10: PMâ”¤ - File change detected. Starting incremental compilation...


9:33:00 â”œF10: PMâ”¤ - Found 0 errors. Watching for file changes.
